# UART session log started 2026-02-24T13:58:50
2026-02-24 13:58:50.183 INFO Connected to /dev/serial0 @ 115200
2026-02-24 13:58:51.994 RX HB|BUS01|46|OK|35
2026-02-24 13:58:56.995 RX HB|BUS01|47|OK|34
2026-02-24 13:58:56.998 RX ARR|BUS01|48|ROUTE=25B,STOP=STOP12,ETA=3|35
2026-02-24 13:58:57.000 RX DL|BUS01|49|+5MIN|68
2026-02-24 13:59:01.994 RX HB|BUS01|50|OK|32
2026-02-24 13:59:06.995 RX HB|BUS01|51|OK|33
2026-02-24 13:59:06.998 RX ARR|BUS01|52|ROUTE=25B,STOP=STOP12,ETA=3|3E
2026-02-24 13:59:11.994 RX HB|BUS01|53|OK|31
2026-02-24 13:59:16.995 RX HB|BUS01|54|OK|36
2026-02-24 13:59:16.998 RX ARR|BUS01|55|ROUTE=25B,STOP=STOP12,ETA=3|39
2026-02-24 13:59:21.994 RX HB|BUS01|56|OK|34
2026-02-24 13:59:26.995 RX HB|BUS01|57|OK|35
2026-02-24 13:59:26.998 RX ARR|BUS01|58|ROUTE=25B,STOP=STOP12,ETA=3|34
2026-02-24 13:59:27.000 RX DL|BUS01|59|+5MIN|69
2026-02-24 13:59:31.994 RX HB|BUS01|60|OK|31
2026-02-24 13:59:36.995 RX HB|BUS01|61|OK|30
2026-02-24 13:59:36.998 RX ARR|BUS01|62|ROUTE=25B,STOP=STOP12,ETA=3|3D
2026-02-24 13:59:41.994 RX HB|BUS01|63|OK|32
2026-02-24 13:59:46.995 RX HB|BUS01|64|OK|35
2026-02-24 13:59:46.998 RX ARR|BUS01|65|ROUTE=25B,STOP=STOP12,ETA=3|3A
2026-02-24 13:59:51.994 RX HB|BUS01|66|OK|37
2026-02-24 13:59:56.995 RX HB|BUS01|67|OK|36
2026-02-24 13:59:56.998 RX ARR|BUS01|68|ROUTE=25B,STOP=STOP12,ETA=3|37
2026-02-24 13:59:57.000 RX DL|BUS01|69|+5MIN|6A
2026-02-24 14:00:01.994 RX HB|BUS01|70|OK|30
2026-02-24 14:00:06.995 RX HB|BUS01|71|OK|31
2026-02-24 14:00:06.998 RX ARR|BUS01|72|ROUTE=25B,STOP=STOP12,ETA=3|3C
2026-02-24 14:00:11.994 RX HB|BUS01|73|OK|33
2026-02-24 14:00:16.995 RX HB|BUS01|74|OK|34
2026-02-24 14:00:16.998 RX ARR|BUS01|75|ROUTE=25B,STOP=STOP12,ETA=3|3B
2026-02-24 14:00:21.994 RX HB|BUS01|76|OK|36
2026-02-24 14:00:26.995 RX HB|BUS01|77|OK|37
2026-02-24 14:00:26.998 RX ARR|BUS01|78|ROUTE=25B,STOP=STOP12,ETA=3|36
2026-02-24 14:00:27.000 RX DL|BUS01|79|+5MIN|6B
2026-02-24 14:00:31.994 RX HB|BUS01|80|OK|3F
2026-02-24 14:00:36.995 RX HB|BUS01|81|OK|3E
2026-02-24 14:00:36.998 RX ARR|BUS01|82|ROUTE=25B,STOP=STOP12,ETA=3|33
2026-02-24 14:00:41.994 RX HB|BUS01|83|OK|3C
2026-02-24 14:00:46.995 RX HB|BUS01|84|OK|3B
2026-02-24 14:00:46.998 RX ARR|BUS01|85|ROUTE=25B,STOP=STOP12,ETA=3|34
2026-02-24 14:00:51.994 RX HB|BUS01|86|OK|39
2026-02-24 14:00:56.995 RX HB|BUS01|87|OK|38
2026-02-24 14:00:56.998 RX ARR|BUS01|88|ROUTE=25B,STOP=STOP12,ETA=3|39
2026-02-24 14:00:57.000 RX DL|BUS01|89|+5MIN|64
2026-02-24 14:01:01.994 RX HB|BUS01|90|OK|3E
2026-02-24 14:01:06.995 RX HB|BUS01|91|OK|3F
2026-02-24 14:01:06.998 RX ARR|BUS01|92|ROUTE=25B,STOP=STOP12,ETA=3|32
2026-02-24 14:01:11.994 RX HB|BUS01|93|OK|3D
2026-02-24 14:01:16.995 RX HB|BUS01|94|OK|3A
2026-02-24 14:01:16.998 RX ARR|BUS01|95|ROUTE=25B,STOP=STOP12,ETA=3|35
2026-02-24 14:01:21.994 RX HB|BUS01|96|OK|38
2026-02-24 14:01:26.995 RX HB|BUS01|97|OK|39
2026-02-24 14:01:26.998 RX ARR|BUS01|98|ROUTE=25B,STOP=STOP12,ETA=3|38
2026-02-24 14:01:27.000 RX DL|BUS01|99|+5MIN|65
2026-02-24 14:01:31.994 RX HB|BUS01|100|OK|06
2026-02-24 14:01:36.995 RX HB|BUS01|101|OK|07
2026-02-24 14:01:36.998 RX ARR|BUS01|102|ROUTE=25B,STOP=STOP12,ETA=3|0A
2026-02-24 14:01:41.994 RX HB|BUS01|103|OK|05
2026-02-24 14:01:46.995 RX HB|BUS01|104|OK|02
2026-02-24 14:01:46.998 RX ARR|BUS01|105|ROUTE=25B,STOP=STOP12,ETA=3|0D
2026-02-24 14:01:51.994 RX HB|BUS01|106|OK|00
2026-02-24 14:01:56.995 RX HB|BUS01|107|OK|01
2026-02-24 14:01:56.999 RX ARR|BUS01|108|ROUTE=25B,STOP=STOP12,ETA=3|00
2026-02-24 14:01:57.000 RX DL|BUS01|109|+5MIN|5D
2026-02-24 14:02:01.994 RX HB|BUS01|110|OK|07
2026-02-24 14:02:06.995 RX HB|BUS01|111|OK|06
2026-02-24 14:02:06.998 RX ARR|BUS01|112|ROUTE=25B,STOP=STOP12,ETA=3|0B
2026-02-24 14:02:11.994 RX HB|BUS01|113|OK|04
2026-02-24 14:02:16.995 RX HB|BUS01|114|OK|03
2026-02-24 14:02:16.998 RX ARR|BUS01|115|ROUTE=25B,STOP=STOP12,ETA=3|0C
2026-02-24 14:02:21.994 RX HB|BUS01|116|OK|01
2026-02-24 14:02:26.995 RX HB|BUS01|117|OK|00
2026-02-24 14:02:26.999 RX ARR|BUS01|118|ROUTE=25B,STOP=STOP12,ETA=3|01
2026-02-24 14:02:27.000 RX DL|BUS01|119|+5MIN|5C
2026-02-24 14:02:31.994 RX HB|BUS01|120|OK|04
2026-02-24 14:02:36.995 RX HB|BUS01|121|OK|05
2026-02-24 14:02:36.998 RX ARR|BUS01|122|ROUTE=25B,STOP=STOP12,ETA=3|08
2026-02-24 14:02:41.994 RX HB|BUS01|123|OK|07
2026-02-24 14:02:46.995 RX HB|BUS01|124|OK|00
2026-02-24 14:02:46.998 RX ARR|BUS01|125|ROUTE=25B,STOP=STOP12,ETA=3|0F
2026-02-24 14:02:51.994 RX HB|BUS01|126|OK|02
2026-02-24 14:02:56.995 RX HB|BUS01|127|OK|03
2026-02-24 14:02:56.999 RX ARR|BUS01|128|ROUTE=25B,STOP=STOP12,ETA=3|02
2026-02-24 14:02:57.000 RX DL|BUS01|129|+5MIN|5F
2026-02-24 14:03:01.994 RX HB|BUS01|130|OK|05
2026-02-24 14:03:06.995 RX HB|BUS01|131|OK|04
2026-02-24 14:03:06.998 RX ARR|BUS01|132|ROUTE=25B,STOP=STOP12,ETA=3|09
2026-02-24 14:03:11.994 RX HB|BUS01|133|OK|06
2026-02-24 14:03:16.995 RX HB|BUS01|134|OK|01
2026-02-24 14:03:16.998 RX ARR|BUS01|135|ROUTE=25B,STOP=STOP12,ETA=3|0E
2026-02-24 14:03:21.994 RX HB|BUS01|136|OK|03
2026-02-24 14:03:26.995 RX HB|BUS01|137|OK|02
2026-02-24 14:03:26.999 RX ARR|BUS01|138|ROUTE=25B,STOP=STOP12,ETA=3|03
2026-02-24 14:03:27.000 RX DL|BUS01|139|+5MIN|5E
2026-02-24 14:03:31.994 RX HB|BUS01|140|OK|02
2026-02-24 14:03:36.995 RX HB|BUS01|141|OK|03
2026-02-24 14:03:36.998 RX ARR|BUS01|142|ROUTE=25B,STOP=STOP12,ETA=3|0E
2026-02-24 14:03:41.994 RX HB|BUS01|143|OK|01
2026-02-24 14:03:46.995 RX HB|BUS01|144|OK|06
2026-02-24 14:03:46.998 RX ARR|BUS01|145|ROUTE=25B,STOP=STOP12,ETA=3|09
2026-02-24 14:03:51.994 RX HB|BUS01|146|OK|04
2026-02-24 14:03:56.995 RX HB|BUS01|147|OK|05
2026-02-24 14:03:56.999 RX ARR|BUS01|148|ROUTE=25B,STOP=STOP12,ETA=3|04
2026-02-24 14:03:57.000 RX DL|BUS01|149|+5MIN|59
2026-02-24 14:04:01.994 RX HB|BUS01|150|OK|03
2026-02-24 14:04:06.995 RX HB|BUS01|151|OK|02
2026-02-24 14:04:06.998 RX ARR|BUS01|152|ROUTE=25B,STOP=STOP12,ETA=3|0F
2026-02-24 14:04:11.994 RX HB|BUS01|153|OK|00
2026-02-24 14:04:16.995 RX HB|BUS01|154|OK|07
2026-02-24 14:04:16.998 RX ARR|BUS01|155|ROUTE=25B,STOP=STOP12,ETA=3|08
2026-02-24 14:04:21.994 RX HB|BUS01|156|OK|05
2026-02-24 14:04:26.995 RX HB|BUS01|157|OK|04
2026-02-24 14:04:26.999 RX ARR|BUS01|158|ROUTE=25B,STOP=STOP12,ETA=3|05
2026-02-24 14:04:27.000 RX DL|BUS01|159|+5MIN|58
2026-02-24 14:04:31.994 RX HB|BUS01|160|OK|00
2026-02-24 14:04:36.995 RX HB|BUS01|161|OK|01
2026-02-24 14:04:36.998 RX ARR|BUS01|162|ROUTE=25B,STOP=STOP12,ETA=3|0C
2026-02-24 14:04:41.994 RX HB|BUS01|163|OK|03
2026-02-24 14:04:46.995 RX HB|BUS01|164|OK|04
2026-02-24 14:04:46.998 RX ARR|BUS01|165|ROUTE=25B,STOP=STOP12,ETA=3|0B
2026-02-24 14:04:51.994 RX HB|BUS01|166|OK|06
2026-02-24 14:04:56.995 RX HB|BUS01|167|OK|07
2026-02-24 14:04:56.999 RX ARR|BUS01|168|ROUTE=25B,STOP=STOP12,ETA=3|06
2026-02-24 14:04:57.000 RX DL|BUS01|169|+5MIN|5B
2026-02-24 14:05:01.994 RX HB|BUS01|170|OK|01
2026-02-24 14:05:06.995 RX HB|BUS01|171|OK|00
2026-02-24 14:05:06.998 RX ARR|BUS01|172|ROUTE=25B,STOP=STOP12,ETA=3|0D
2026-02-24 14:05:11.994 RX HB|BUS01|173|OK|02
2026-02-24 14:05:16.995 RX HB|BUS01|174|OK|05
2026-02-24 14:05:16.998 RX ARR|BUS01|175|ROUTE=25B,STOP=STOP12,ETA=3|0A
2026-02-24 14:05:21.994 RX HB|BUS01|176|OK|07
2026-02-24 14:05:26.995 RX HB|BUS01|177|OK|06
2026-02-24 14:05:26.999 RX ARR|BUS01|178|ROUTE=25B,STOP=STOP12,ETA=3|07
2026-02-24 14:05:27.000 RX DL|BUS01|179|+5MIN|5A
2026-02-24 14:05:31.993 RX HB|BUS01|180|OK|0E
2026-02-24 14:05:36.994 RX HB|BUS01|181|OK|0F
2026-02-24 14:05:36.998 RX ARR|BUS01|182|ROUTE=25B,STOP=STOP12,ETA=3|02
2026-02-24 14:05:41.993 RX HB|BUS01|183|OK|0D
2026-02-24 14:05:46.994 RX HB|BUS01|184|OK|0A
2026-02-24 14:05:46.998 RX ARR|BUS01|185|ROUTE=25B,STOP=STOP12,ETA=3|05
2026-02-24 14:05:51.993 RX HB|BUS01|186|OK|08
2026-02-24 14:05:56.994 RX HB|BUS01|187|OK|09
2026-02-24 14:05:56.999 RX ARR|BUS01|188|ROUTE=25B,STOP=STOP12,ETA=3|08
2026-02-24 14:05:57.000 RX DL|BUS01|189|+5MIN|55
2026-02-24 14:06:01.993 RX HB|BUS01|190|OK|0F
2026-02-24 14:06:06.994 RX HB|BUS01|191|OK|0E
2026-02-24 14:06:06.997 RX ARR|BUS01|192|ROUTE=25B,STOP=STOP12,ETA=3|03
2026-02-24 14:06:11.993 RX HB|BUS01|193|OK|0C
2026-02-24 14:06:16.994 RX HB|BUS01|194|OK|0B
2026-02-24 14:06:16.997 RX ARR|BUS01|195|ROUTE=25B,STOP=STOP12,ETA=3|04
2026-02-24 14:06:21.993 RX HB|BUS01|196|OK|09
2026-02-24 14:06:26.994 RX HB|BUS01|197|OK|08
2026-02-24 14:06:26.999 RX ARR|BUS01|198|ROUTE=25B,STOP=STOP12,ETA=3|09
2026-02-24 14:06:27.000 RX DL|BUS01|199|+5MIN|54
2026-02-24 14:06:31.993 RX HB|BUS01|200|OK|05
2026-02-24 14:06:36.994 RX HB|BUS01|201|OK|04
2026-02-24 14:06:36.997 RX ARR|BUS01|202|ROUTE=25B,STOP=STOP12,ETA=3|09
2026-02-24 14:06:41.993 RX HB|BUS01|203|OK|06
2026-02-24 14:06:46.994 RX HB|BUS01|204|OK|01
2026-02-24 14:06:46.997 RX ARR|BUS01|205|ROUTE=25B,STOP=STOP12,ETA=3|0E
2026-02-24 14:06:51.993 RX HB|BUS01|206|OK|03
2026-02-24 14:06:56.994 RX HB|BUS01|207|OK|02
2026-02-24 14:06:56.998 RX ARR|BUS01|208|ROUTE=25B,STOP=STOP12,ETA=3|03
2026-02-24 14:06:56.999 RX DL|BUS01|209|+5MIN|5E
2026-02-24 14:07:01.993 RX HB|BUS01|210|OK|04
2026-02-24 14:07:06.994 RX HB|BUS01|211|OK|05
2026-02-24 14:07:06.997 RX ARR|BUS01|212|ROUTE=25B,STOP=STOP12,ETA=3|08
2026-02-24 14:07:11.993 RX HB|BUS01|213|OK|07
2026-02-24 14:07:16.994 RX HB|BUS01|214|OK|00
2026-02-24 14:07:16.997 RX ARR|BUS01|215|ROUTE=25B,STOP=STOP12,ETA=3|0F
2026-02-24 14:07:21.993 RX HB|BUS01|216|OK|02
2026-02-24 14:07:26.994 RX HB|BUS01|217|OK|03
2026-02-24 14:07:26.998 RX ARR|BUS01|218|ROUTE=25B,STOP=STOP12,ETA=3|02
2026-02-24 14:07:26.999 RX DL|BUS01|219|+5MIN|5F
2026-02-24 14:07:31.993 RX HB|BUS01|220|OK|07
2026-02-24 14:07:36.994 RX HB|BUS01|221|OK|06
2026-02-24 14:07:36.997 RX ARR|BUS01|222|ROUTE=25B,STOP=STOP12,ETA=3|0B
2026-02-24 14:07:41.993 RX HB|BUS01|223|OK|04
2026-02-24 14:07:46.994 RX HB|BUS01|224|OK|03
2026-02-24 14:07:46.997 RX ARR|BUS01|225|ROUTE=25B,STOP=STOP12,ETA=3|0C
2026-02-24 14:07:51.993 RX HB|BUS01|226|OK|01
2026-02-24 14:07:56.994 RX HB|BUS01|227|OK|00
2026-02-24 14:07:56.998 RX ARR|BUS01|228|ROUTE=25B,STOP=STOP12,ETA=3|01
2026-02-24 14:07:56.999 RX DL|BUS01|229|+5MIN|5C
2026-02-24 14:08:01.993 RX HB|BUS01|230|OK|06
2026-02-24 14:08:06.994 RX HB|BUS01|231|OK|07
2026-02-24 14:08:06.997 RX ARR|BUS01|232|ROUTE=25B,STOP=STOP12,ETA=3|0A
2026-02-24 14:08:11.993 RX HB|BUS01|233|OK|05
2026-02-24 14:08:16.996 RX HB|BUS01|234|OK|02
2026-02-24 14:08:16.997 RX ARR|BUS01|235|ROUTE=25B,STOP=STOP12,ETA=3|0D
2026-02-24 14:08:21.993 RX HB|BUS01|236|OK|00
2026-02-24 14:08:26.994 RX HB|BUS01|237|OK|01
2026-02-24 14:08:26.998 RX ARR|BUS01|238|ROUTE=25B,STOP=STOP12,ETA=3|00
2026-02-24 14:08:26.999 RX DL|BUS01|239|+5MIN|5D
2026-02-24 14:08:31.993 RX HB|BUS01|240|OK|01
2026-02-24 14:08:36.994 RX HB|BUS01|241|OK|00
2026-02-24 14:08:36.997 RX ARR|BUS01|242|ROUTE=25B,STOP=STOP12,ETA=3|0D
2026-02-24 14:08:41.993 RX HB|BUS01|243|OK|02
2026-02-24 14:08:46.994 RX HB|BUS01|244|OK|05
2026-02-24 14:08:46.997 RX ARR|BUS01|245|ROUTE=25B,STOP=STOP12,ETA=3|0A
2026-02-24 14:08:51.992 RX HB|BUS01|246|OK|07
2026-02-24 14:08:56.993 RX HB|BUS01|247|OK|06
2026-02-24 14:08:56.998 RX ARR|BUS01|248|ROUTE=25B,STOP=STOP12,ETA=3|07
2026-02-24 14:08:56.999 RX DL|BUS01|249|+5MIN|5A
2026-02-24 14:09:01.993 RX HB|BUS01|250|OK|00
2026-02-24 14:09:06.993 RX HB|BUS01|251|OK|01
2026-02-24 14:09:06.997 RX ARR|BUS01|252|ROUTE=25B,STOP=STOP12,ETA=3|0C
2026-02-24 14:09:11.992 RX HB|BUS01|253|OK|03
2026-02-24 14:09:16.993 RX HB|BUS01|254|OK|04
2026-02-24 14:09:16.997 RX ARR|BUS01|255|ROUTE=25B,STOP=STOP12,ETA=3|0B
2026-02-24 14:09:21.992 RX HB|BUS01|0|OK|07
2026-02-24 14:09:26.993 RX HB|BUS01|1|OK|06
2026-02-24 14:09:26.996 RX ARR|BUS01|2|ROUTE=25B,STOP=STOP12,ETA=3|0B
2026-02-24 14:09:26.998 RX DL|BUS01|3|+5MIN|56
2026-02-24 14:09:31.992 RX HB|BUS01|4|OK|03
2026-02-24 14:09:36.993 RX HB|BUS01|5|OK|02
2026-02-24 14:09:36.996 RX ARR|BUS01|6|ROUTE=25B,STOP=STOP12,ETA=3|0F
2026-02-24 14:09:41.992 RX HB|BUS01|7|OK|00
2026-02-24 14:09:46.993 RX HB|BUS01|8|OK|0F
2026-02-24 14:09:46.996 RX ARR|BUS01|9|ROUTE=25B,STOP=STOP12,ETA=3|00
2026-02-24 14:09:51.992 RX HB|BUS01|10|OK|36
2026-02-24 14:09:56.993 RX HB|BUS01|11|OK|37
2026-02-24 14:09:56.996 RX ARR|BUS01|12|ROUTE=25B,STOP=STOP12,ETA=3|3A
2026-02-24 14:09:56.998 RX DL|BUS01|13|+5MIN|67
2026-02-24 14:10:01.992 RX HB|BUS01|14|OK|32
2026-02-24 14:10:06.993 RX HB|BUS01|15|OK|33
2026-02-24 14:10:06.996 RX ARR|BUS01|16|ROUTE=25B,STOP=STOP12,ETA=3|3E
2026-02-24 14:10:11.992 RX HB|BUS01|17|OK|31
2026-02-24 14:10:16.993 RX HB|BUS01|18|OK|3E
2026-02-24 14:10:16.996 RX ARR|BUS01|19|ROUTE=25B,STOP=STOP12,ETA=3|31
2026-02-24 14:10:21.992 RX HB|BUS01|20|OK|35
2026-02-24 14:10:26.993 RX HB|BUS01|21|OK|34
2026-02-24 14:10:26.996 RX ARR|BUS01|22|ROUTE=25B,STOP=STOP12,ETA=3|39
2026-02-24 14:10:26.998 RX DL|BUS01|23|+5MIN|64
2026-02-24 14:10:31.992 RX HB|BUS01|24|OK|31
2026-02-24 14:10:36.993 RX HB|BUS01|25|OK|30
2026-02-24 14:10:36.996 RX ARR|BUS01|26|ROUTE=25B,STOP=STOP12,ETA=3|3D
2026-02-24 14:10:41.992 RX HB|BUS01|27|OK|32
2026-02-24 14:10:46.993 RX HB|BUS01|28|OK|3D
2026-02-24 14:10:46.996 RX ARR|BUS01|29|ROUTE=25B,STOP=STOP12,ETA=3|32
2026-02-24 14:10:51.992 RX HB|BUS01|30|OK|34
2026-02-24 14:10:56.993 RX HB|BUS01|31|OK|35
2026-02-24 14:10:56.996 RX ARR|BUS01|32|ROUTE=25B,STOP=STOP12,ETA=3|38
2026-02-24 14:10:56.998 RX DL|BUS01|33|+5MIN|65
2026-02-24 14:11:01.992 RX HB|BUS01|34|OK|30
2026-02-24 14:11:06.993 RX HB|BUS01|35|OK|31
2026-02-24 14:11:06.996 RX ARR|BUS01|36|ROUTE=25B,STOP=STOP12,ETA=3|3C
2026-02-24 14:11:11.992 RX HB|BUS01|37|OK|33
2026-02-24 14:11:16.993 RX HB|BUS01|38|OK|3C
2026-02-24 14:11:16.996 RX ARR|BUS01|39|ROUTE=25B,STOP=STOP12,ETA=3|33
2026-02-24 14:11:21.992 RX HB|BUS01|40|OK|33
2026-02-24 14:11:26.993 RX HB|BUS01|41|OK|32
2026-02-24 14:11:26.996 RX ARR|BUS01|42|ROUTE=25B,STOP=STOP12,ETA=3|3F
2026-02-24 14:11:26.998 RX DL|BUS01|43|+5MIN|62
2026-02-24 14:11:31.992 RX HB|BUS01|44|OK|37
2026-02-24 14:11:36.993 RX HB|BUS01|45|OK|36
2026-02-24 14:11:36.996 RX ARR|BUS01|46|ROUTE=25B,STOP=STOP12,ETA=3|3B
2026-02-24 14:11:41.992 RX HB|BUS01|47|OK|34
2026-02-24 14:11:46.993 RX HB|BUS01|48|OK|3B
2026-02-24 14:11:46.996 RX ARR|BUS01|49|ROUTE=25B,STOP=STOP12,ETA=3|34
2026-02-24 14:11:51.992 RX HB|BUS01|50|OK|32
2026-02-24 14:11:56.993 RX HB|BUS01|51|OK|33
2026-02-24 14:11:56.996 RX ARR|BUS01|52|ROUTE=25B,STOP=STOP12,ETA=3|3E
2026-02-24 14:11:56.998 RX DL|BUS01|53|+5MIN|63
2026-02-24 14:12:01.992 RX HB|BUS01|54|OK|36
2026-02-24 14:12:06.993 RX HB|BUS01|55|OK|37
2026-02-24 14:12:06.996 RX ARR|BUS01|56|ROUTE=25B,STOP=STOP12,ETA=3|3A
2026-02-24 14:12:11.992 RX HB|BUS01|57|OK|35
2026-02-24 14:12:16.993 RX HB|BUS01|58|OK|3A
2026-02-24 14:12:16.996 RX ARR|BUS01|59|ROUTE=25B,STOP=STOP12,ETA=3|35
2026-02-24 14:12:21.992 RX HB|BUS01|60|OK|31
2026-02-24 14:12:26.993 RX HB|BUS01|61|OK|30
2026-02-24 14:12:26.996 RX ARR|BUS01|62|ROUTE=25B,STOP=STOP12,ETA=3|3D
2026-02-24 14:12:26.998 RX DL|BUS01|63|+5MIN|60
2026-02-24 14:12:31.992 RX HB|BUS01|64|OK|35
2026-02-24 14:12:36.993 RX HB|BUS01|65|OK|34
2026-02-24 14:12:36.996 RX ARR|BUS01|66|ROUTE=25B,STOP=STOP12,ETA=3|39
2026-02-24 14:12:41.992 RX HB|BUS01|67|OK|36
2026-02-24 14:12:46.993 RX HB|BUS01|68|OK|39
2026-02-24 14:12:46.996 RX ARR|BUS01|69|ROUTE=25B,STOP=STOP12,ETA=3|36
2026-02-24 14:12:51.992 RX HB|BUS01|70|OK|30
2026-02-24 14:12:56.993 RX HB|BUS01|71|OK|31
2026-02-24 14:12:56.996 RX ARR|BUS01|72|ROUTE=25B,STOP=STOP12,ETA=3|3C
2026-02-24 14:12:56.998 RX DL|BUS01|73|+5MIN|61
2026-02-24 14:13:01.992 RX HB|BUS01|74|OK|34
2026-02-24 14:13:06.993 RX HB|BUS01|75|OK|35
2026-02-24 14:13:06.996 RX ARR|BUS01|76|ROUTE=25B,STOP=STOP12,ETA=3|38
2026-02-24 14:13:11.992 RX HB|BUS01|77|OK|37
2026-02-24 14:13:16.993 RX HB|BUS01|78|OK|38
2026-02-24 14:13:16.996 RX ARR|BUS01|79|ROUTE=25B,STOP=STOP12,ETA=3|37
2026-02-24 14:13:21.992 RX HB|BUS01|80|OK|3F
2026-02-24 14:13:26.993 RX HB|BUS01|81|OK|3E
2026-02-24 14:13:26.995 RX ARR|BUS01|82|ROUTE=25B,STOP=STOP12,ETA=3|33
2026-02-24 14:13:26.998 RX DL|BUS01|83|+5MIN|6E
2026-02-24 14:13:31.992 RX HB|BUS01|84|OK|3B
2026-02-24 14:13:36.993 RX HB|BUS01|85|OK|3A
2026-02-24 14:13:36.995 RX ARR|BUS01|86|ROUTE=25B,STOP=STOP12,ETA=3|37
2026-02-24 14:13:41.992 RX HB|BUS01|87|OK|38
2026-02-24 14:13:46.993 RX HB|BUS01|88|OK|37
2026-02-24 14:13:46.995 RX ARR|BUS01|89|ROUTE=25B,STOP=STOP12,ETA=3|38
2026-02-24 14:13:51.991 RX HB|BUS01|90|OK|3E
2026-02-24 14:13:56.993 RX HB|BUS01|91|OK|3F
2026-02-24 14:13:56.995 RX ARR|BUS01|92|ROUTE=25B,STOP=STOP12,ETA=3|32
2026-02-24 14:13:56.998 RX DL|BUS01|93|+5MIN|6F
2026-02-24 14:14:01.991 RX HB|BUS01|94|OK|3A
2026-02-24 14:14:06.993 RX HB|BUS01|95|OK|3B
2026-02-24 14:14:06.995 RX ARR|BUS01|96|ROUTE=25B,STOP=STOP12,ETA=3|36
2026-02-24 14:14:11.991 RX HB|BUS01|97|OK|39
2026-02-24 14:14:16.993 RX HB|BUS01|98|OK|36
2026-02-24 14:14:16.995 RX ARR|BUS01|99|ROUTE=25B,STOP=STOP12,ETA=3|39
2026-02-24 14:14:21.991 RX HB|BUS01|100|OK|06
2026-02-24 14:14:26.993 RX HB|BUS01|101|OK|07
2026-02-24 14:14:26.997 RX ARR|BUS01|102|ROUTE=25B,STOP=STOP12,ETA=3|0A
2026-02-24 14:14:26.998 RX DL|BUS01|103|+5MIN|57
2026-02-24 14:14:31.991 RX HB|BUS01|104|OK|02
2026-02-24 14:14:36.992 RX HB|BUS01|105|OK|03
2026-02-24 14:14:36.996 RX ARR|BUS01|106|ROUTE=25B,STOP=STOP12,ETA=3|0E
2026-02-24 14:14:41.991 RX HB|BUS01|107|OK|01
2026-02-24 14:14:46.992 RX HB|BUS01|108|OK|0E
2026-02-24 14:14:46.996 RX ARR|BUS01|109|ROUTE=25B,STOP=STOP12,ETA=3|01
2026-02-24 14:14:51.991 RX HB|BUS01|110|OK|07
2026-02-24 14:14:56.996 RX HB|BUS01|111|OK|06
2026-02-24 14:14:56.997 RX ARR|BUS01|112|ROUTE=25B,STOP=STOP12,ETA=3|0B
2026-02-24 14:14:56.998 RX DL|BUS01|113|+5MIN|56
2026-02-24 14:15:01.991 RX HB|BUS01|114|OK|03
2026-02-24 14:15:06.992 RX HB|BUS01|115|OK|02
2026-02-24 14:15:06.996 RX ARR|BUS01|116|ROUTE=25B,STOP=STOP12,ETA=3|0F
2026-02-24 14:15:11.991 RX HB|BUS01|117|OK|00
2026-02-24 14:15:16.992 RX HB|BUS01|118|OK|0F
2026-02-24 14:15:16.996 RX ARR|BUS01|119|ROUTE=25B,STOP=STOP12,ETA=3|00
2026-02-24 14:15:21.991 RX HB|BUS01|120|OK|04
2026-02-24 14:15:26.992 RX HB|BUS01|121|OK|05
2026-02-24 14:15:26.997 RX ARR|BUS01|122|ROUTE=25B,STOP=STOP12,ETA=3|08
2026-02-24 14:15:26.998 RX DL|BUS01|123|+5MIN|55
2026-02-24 14:15:31.991 RX HB|BUS01|124|OK|00
2026-02-24 14:15:36.992 RX HB|BUS01|125|OK|01
2026-02-24 14:15:36.996 RX ARR|BUS01|126|ROUTE=25B,STOP=STOP12,ETA=3|0C
2026-02-24 14:15:41.991 RX HB|BUS01|127|OK|03
2026-02-24 14:15:46.992 RX HB|BUS01|128|OK|0C
2026-02-24 14:15:46.996 RX ARR|BUS01|129|ROUTE=25B,STOP=STOP12,ETA=3|03
2026-02-24 14:15:51.991 RX HB|BUS01|130|OK|05
2026-02-24 14:15:56.992 RX HB|BUS01|131|OK|04
2026-02-24 14:15:56.997 RX ARR|BUS01|132|ROUTE=25B,STOP=STOP12,ETA=3|09
2026-02-24 14:15:56.998 RX DL|BUS01|133|+5MIN|54
2026-02-24 14:16:01.991 RX HB|BUS01|134|OK|01
2026-02-24 14:16:06.992 RX HB|BUS01|135|OK|00
2026-02-24 14:16:06.996 RX ARR|BUS01|136|ROUTE=25B,STOP=STOP12,ETA=3|0D
2026-02-24 14:16:11.991 RX HB|BUS01|137|OK|02
2026-02-24 14:16:16.992 RX HB|BUS01|138|OK|0D
2026-02-24 14:16:16.995 RX ARR|BUS01|139|ROUTE=25B,STOP=STOP12,ETA=3|02
2026-02-24 14:16:21.991 RX HB|BUS01|140|OK|02
2026-02-24 14:16:26.992 RX HB|BUS01|141|OK|03
2026-02-24 14:16:26.997 RX ARR|BUS01|142|ROUTE=25B,STOP=STOP12,ETA=3|0E
2026-02-24 14:16:26.998 RX DL|BUS01|143|+5MIN|53
2026-02-24 14:16:31.991 RX HB|BUS01|144|OK|06
2026-02-24 14:16:36.992 RX HB|BUS01|145|OK|07
2026-02-24 14:16:36.995 RX ARR|BUS01|146|ROUTE=25B,STOP=STOP12,ETA=3|0A
2026-02-24 14:16:41.991 RX HB|BUS01|147|OK|05
2026-02-24 14:16:46.992 RX HB|BUS01|148|OK|0A
2026-02-24 14:16:46.995 RX ARR|BUS01|149|ROUTE=25B,STOP=STOP12,ETA=3|05
2026-02-24 14:16:51.991 RX HB|BUS01|150|OK|03
2026-02-24 14:16:56.992 RX HB|BUS01|151|OK|02
2026-02-24 14:16:56.996 RX ARR|BUS01|152|ROUTE=25B,STOP=STOP12,ETA=3|0F
2026-02-24 14:16:56.998 RX DL|BUS01|153|+5MIN|52
2026-02-24 14:17:01.991 RX HB|BUS01|154|OK|07
2026-02-24 14:17:06.992 RX HB|BUS01|155|OK|06
2026-02-24 14:17:06.995 RX ARR|BUS01|156|ROUTE=25B,STOP=STOP12,ETA=3|0B
2026-02-24 14:17:11.991 RX HB|BUS01|157|OK|04
2026-02-24 14:17:16.992 RX HB|BUS01|158|OK|0B
2026-02-24 14:17:16.995 RX ARR|BUS01|159|ROUTE=25B,STOP=STOP12,ETA=3|04
2026-02-24 14:17:21.991 RX HB|BUS01|160|OK|00
2026-02-24 14:17:26.992 RX HB|BUS01|161|OK|01
2026-02-24 14:17:26.996 RX ARR|BUS01|162|ROUTE=25B,STOP=STOP12,ETA=3|0C
2026-02-24 14:17:26.998 RX DL|BUS01|163|+5MIN|51
2026-02-24 14:17:31.991 RX HB|BUS01|164|OK|04
2026-02-24 14:17:36.992 RX HB|BUS01|165|OK|05
2026-02-24 14:17:36.995 RX ARR|BUS01|166|ROUTE=25B,STOP=STOP12,ETA=3|08
2026-02-24 14:17:41.991 RX HB|BUS01|167|OK|07
2026-02-24 14:17:46.992 RX HB|BUS01|168|OK|08
2026-02-24 14:17:46.995 RX ARR|BUS01|169|ROUTE=25B,STOP=STOP12,ETA=3|07
2026-02-24 14:17:51.991 RX HB|BUS01|170|OK|01
2026-02-24 14:17:56.992 RX HB|BUS01|171|OK|00
2026-02-24 14:17:56.996 RX ARR|BUS01|172|ROUTE=25B,STOP=STOP12,ETA=3|0D
2026-02-24 14:17:56.997 RX DL|BUS01|173|+5MIN|50
2026-02-24 14:18:01.991 RX HB|BUS01|174|OK|05
2026-02-24 14:18:06.992 RX HB|BUS01|175|OK|04
2026-02-24 14:18:06.995 RX ARR|BUS01|176|ROUTE=25B,STOP=STOP12,ETA=3|09
2026-02-24 14:18:11.991 RX HB|BUS01|177|OK|06
2026-02-24 14:18:16.992 RX HB|BUS01|178|OK|09
2026-02-24 14:18:16.995 RX ARR|BUS01|179|ROUTE=25B,STOP=STOP12,ETA=3|06
2026-02-24 14:18:21.991 RX HB|BUS01|180|OK|0E
2026-02-24 14:18:26.992 RX HB|BUS01|181|OK|0F
2026-02-24 14:18:26.996 RX ARR|BUS01|182|ROUTE=25B,STOP=STOP12,ETA=3|02
2026-02-24 14:18:26.997 RX DL|BUS01|183|+5MIN|5F
2026-02-24 14:18:31.991 RX HB|BUS01|184|OK|0A
2026-02-24 14:18:36.992 RX HB|BUS01|185|OK|0B
2026-02-24 14:18:36.995 RX ARR|BUS01|186|ROUTE=25B,STOP=STOP12,ETA=3|06
2026-02-24 14:18:41.991 RX HB|BUS01|187|OK|09
2026-02-24 14:18:46.992 RX HB|BUS01|188|OK|06
2026-02-24 14:18:46.995 RX ARR|BUS01|189|ROUTE=25B,STOP=STOP12,ETA=3|09
2026-02-24 14:18:51.991 RX HB|BUS01|190|OK|0F
2026-02-24 14:18:56.992 RX HB|BUS01|191|OK|0E
2026-02-24 14:18:56.996 RX ARR|BUS01|192|ROUTE=25B,STOP=STOP12,ETA=3|03
2026-02-24 14:18:56.997 RX DL|BUS01|193|+5MIN|5E
2026-02-24 14:19:01.991 RX HB|BUS01|194|OK|0B
2026-02-24 14:19:06.992 RX HB|BUS01|195|OK|0A
2026-02-24 14:19:06.995 RX ARR|BUS01|196|ROUTE=25B,STOP=STOP12,ETA=3|07
2026-02-24 14:19:11.991 RX HB|BUS01|197|OK|08
2026-02-24 14:19:16.992 RX HB|BUS01|198|OK|07
2026-02-24 14:19:16.995 RX ARR|BUS01|199|ROUTE=25B,STOP=STOP12,ETA=3|08
2026-02-24 14:19:21.991 RX HB|BUS01|200|OK|05
2026-02-24 14:19:26.992 RX HB|BUS01|201|OK|04
2026-02-24 14:19:26.996 RX ARR|BUS01|202|ROUTE=25B,STOP=STOP12,ETA=3|09
2026-02-24 14:19:26.997 RX DL|BUS01|203|+5MIN|54
2026-02-24 14:19:31.991 RX HB|BUS01|204|OK|01
2026-02-24 14:19:36.992 RX HB|BUS01|205|OK|00
2026-02-24 14:19:36.995 RX ARR|BUS01|206|ROUTE=25B,STOP=STOP12,ETA=3|0D
2026-02-24 14:19:41.991 RX HB|BUS01|207|OK|02
2026-02-24 14:19:46.992 RX HB|BUS01|208|OK|0D
2026-02-24 14:19:46.995 RX ARR|BUS01|209|ROUTE=25B,STOP=STOP12,ETA=3|02
2026-02-24 14:19:51.991 RX HB|BUS01|210|OK|04
2026-02-24 14:19:56.992 RX HB|BUS01|211|OK|05
2026-02-24 14:19:56.996 RX ARR|BUS01|212|ROUTE=25B,STOP=STOP12,ETA=3|08
2026-02-24 14:19:56.997 RX DL|BUS01|213|+5MIN|55
2026-02-24 14:20:01.991 RX HB|BUS01|214|OK|00
2026-02-24 14:20:06.992 RX HB|BUS01|215|OK|01
2026-02-24 14:20:06.995 RX ARR|BUS01|216|ROUTE=25B,STOP=STOP12,ETA=3|0C
2026-02-24 14:20:11.991 RX HB|BUS01|217|OK|03
2026-02-24 14:20:16.992 RX HB|BUS01|218|OK|0C
2026-02-24 14:20:16.995 RX ARR|BUS01|219|ROUTE=25B,STOP=STOP12,ETA=3|03
2026-02-24 14:20:21.991 RX HB|BUS01|220|OK|07
2026-02-24 14:20:26.992 RX HB|BUS01|221|OK|06
2026-02-24 14:20:26.996 RX ARR|BUS01|222|ROUTE=25B,STOP=STOP12,ETA=3|0B
2026-02-24 14:20:26.997 RX DL|BUS01|223|+5MIN|56
2026-02-24 14:20:31.991 RX HB|BUS01|224|OK|03
2026-02-24 14:20:36.992 RX HB|BUS01|225|OK|02
2026-02-24 14:20:36.995 RX ARR|BUS01|226|ROUTE=25B,STOP=STOP12,ETA=3|0F
2026-02-24 14:20:41.991 RX HB|BUS01|227|OK|00
2026-02-24 14:20:46.992 RX HB|BUS01|228|OK|0F
2026-02-24 14:20:46.995 RX ARR|BUS01|229|ROUTE=25B,STOP=STOP12,ETA=3|00
2026-02-24 14:20:51.991 RX HB|BUS01|230|OK|06
2026-02-24 14:20:56.992 RX HB|BUS01|231|OK|07
2026-02-24 14:20:56.996 RX ARR|BUS01|232|ROUTE=25B,STOP=STOP12,ETA=3|0A
2026-02-24 14:20:56.997 RX DL|BUS01|233|+5MIN|57
2026-02-24 14:21:01.991 RX HB|BUS01|234|OK|02
2026-02-24 14:21:06.992 RX HB|BUS01|235|OK|03
2026-02-24 14:21:06.995 RX ARR|BUS01|236|ROUTE=25B,STOP=STOP12,ETA=3|0E
2026-02-24 14:21:11.991 RX HB|BUS01|237|OK|01
2026-02-24 14:21:16.992 RX HB|BUS01|238|OK|0E
2026-02-24 14:21:16.995 RX ARR|BUS01|239|ROUTE=25B,STOP=STOP12,ETA=3|01
2026-02-24 14:21:21.991 RX HB|BUS01|240|OK|01
2026-02-24 14:21:26.992 RX HB|BUS01|241|OK|00
2026-02-24 14:21:26.996 RX ARR|BUS01|242|ROUTE=25B,STOP=STOP12,ETA=3|0D
2026-02-24 14:21:26.997 RX DL|BUS01|243|+5MIN|50
2026-02-24 14:21:31.991 RX HB|BUS01|244|OK|05
2026-02-24 14:21:36.992 RX HB|BUS01|245|OK|04
2026-02-24 14:21:36.995 RX ARR|BUS01|246|ROUTE=25B,STOP=STOP12,ETA=3|09
2026-02-24 14:21:41.991 RX HB|BUS01|247|OK|06
2026-02-24 14:21:46.992 RX HB|BUS01|248|OK|09
2026-02-24 14:21:46.995 RX ARR|BUS01|249|ROUTE=25B,STOP=STOP12,ETA=3|06
2026-02-24 14:21:51.991 RX HB|BUS01|250|OK|00
2026-02-24 14:21:56.992 RX HB|BUS01|251|OK|01
2026-02-24 14:21:56.996 RX ARR|BUS01|252|ROUTE=25B,STOP=STOP12,ETA=3|0C
2026-02-24 14:21:56.997 RX DL|BUS01|253|+5MIN|51
2026-02-24 14:22:01.991 RX HB|BUS01|254|OK|04
2026-02-24 14:22:06.992 RX HB|BUS01|255|OK|05
2026-02-24 14:22:06.995 RX ARR|BUS01|0|ROUTE=25B,STOP=STOP12,ETA=3|09
2026-02-24 14:22:11.991 RX HB|BUS01|1|OK|06
2026-02-24 14:22:16.992 RX HB|BUS01|2|OK|05
2026-02-24 14:22:16.995 RX ARR|BUS01|3|ROUTE=25B,STOP=STOP12,ETA=3|0A
2026-02-24 14:22:21.991 RX HB|BUS01|4|OK|03
2026-02-24 14:22:26.992 RX HB|BUS01|5|OK|02
2026-02-24 14:22:26.995 RX ARR|BUS01|6|ROUTE=25B,STOP=STOP12,ETA=3|0F
2026-02-24 14:22:26.997 RX DL|BUS01|7|+5MIN|52
2026-02-24 14:22:31.991 RX HB|BUS01|8|OK|0F
2026-02-24 14:22:36.992 RX HB|BUS01|9|OK|0E
2026-02-24 14:22:36.995 RX ARR|BUS01|10|ROUTE=25B,STOP=STOP12,ETA=3|38
2026-02-24 14:22:41.991 RX HB|BUS01|11|OK|37
2026-02-24 14:22:46.992 RX HB|BUS01|12|OK|34
2026-02-24 14:22:46.995 RX ARR|BUS01|13|ROUTE=25B,STOP=STOP12,ETA=3|3B
2026-02-24 14:22:51.991 RX HB|BUS01|14|OK|32
2026-02-24 14:22:56.992 RX HB|BUS01|15|OK|33
2026-02-24 14:22:56.995 RX ARR|BUS01|16|ROUTE=25B,STOP=STOP12,ETA=3|3E
2026-02-24 14:22:56.997 RX DL|BUS01|17|+5MIN|63
2026-02-24 14:23:01.991 RX HB|BUS01|18|OK|3E
2026-02-24 14:23:06.992 RX HB|BUS01|19|OK|3F
2026-02-24 14:23:06.995 RX ARR|BUS01|20|ROUTE=25B,STOP=STOP12,ETA=3|3B
2026-02-24 14:23:11.991 RX HB|BUS01|21|OK|34
2026-02-24 14:23:16.992 RX HB|BUS01|22|OK|37
2026-02-24 14:23:16.995 RX ARR|BUS01|23|ROUTE=25B,STOP=STOP12,ETA=3|38
2026-02-24 14:23:21.991 RX HB|BUS01|24|OK|31
2026-02-24 14:23:26.992 RX HB|BUS01|25|OK|30
2026-02-24 14:23:26.995 RX ARR|BUS01|26|ROUTE=25B,STOP=STOP12,ETA=3|3D
2026-02-24 14:23:26.997 RX DL|BUS01|27|+5MIN|60
2026-02-24 14:23:31.991 RX HB|BUS01|28|OK|3D
2026-02-24 14:23:36.992 RX HB|BUS01|29|OK|3C
2026-02-24 14:23:36.995 RX ARR|BUS01|30|ROUTE=25B,STOP=STOP12,ETA=3|3A
2026-02-24 14:23:41.991 RX HB|BUS01|31|OK|35
2026-02-24 14:23:46.992 RX HB|BUS01|32|OK|36
2026-02-24 14:23:46.995 RX ARR|BUS01|33|ROUTE=25B,STOP=STOP12,ETA=3|39
2026-02-24 14:23:51.991 RX HB|BUS01|34|OK|30
2026-02-24 14:23:56.992 RX HB|BUS01|35|OK|31
2026-02-24 14:23:56.995 RX ARR|BUS01|36|ROUTE=25B,STOP=STOP12,ETA=3|3C
2026-02-24 14:23:56.997 RX DL|BUS01|37|+5MIN|61
2026-02-24 14:24:01.991 RX HB|BUS01|38|OK|3C
2026-02-24 14:24:06.992 RX HB|BUS01|39|OK|3D
2026-02-24 14:24:06.995 RX ARR|BUS01|40|ROUTE=25B,STOP=STOP12,ETA=3|3D
2026-02-24 14:24:11.991 RX HB|BUS01|41|OK|32
2026-02-24 14:24:16.992 RX HB|BUS01|42|OK|31
2026-02-24 14:24:16.995 RX ARR|BUS01|43|ROUTE=25B,STOP=STOP12,ETA=3|3E
2026-02-24 14:24:21.991 RX HB|BUS01|44|OK|37
2026-02-24 14:24:26.992 RX HB|BUS01|45|OK|36
2026-02-24 14:24:26.995 RX ARR|BUS01|46|ROUTE=25B,STOP=STOP12,ETA=3|3B
2026-02-24 14:24:26.997 RX DL|BUS01|47|+5MIN|66
2026-02-24 14:24:31.991 RX HB|BUS01|48|OK|3B
2026-02-24 14:24:36.992 RX HB|BUS01|49|OK|3A
2026-02-24 14:24:36.995 RX ARR|BUS01|50|ROUTE=25B,STOP=STOP12,ETA=3|3C
2026-02-24 14:24:41.991 RX HB|BUS01|51|OK|33
2026-02-24 14:24:46.992 RX HB|BUS01|52|OK|30
2026-02-24 14:24:46.995 RX ARR|BUS01|53|ROUTE=25B,STOP=STOP12,ETA=3|3F
2026-02-24 14:24:51.991 RX HB|BUS01|54|OK|36
2026-02-24 14:24:56.992 RX HB|BUS01|55|OK|37
2026-02-24 14:24:56.995 RX ARR|BUS01|56|ROUTE=25B,STOP=STOP12,ETA=3|3A
2026-02-24 14:24:56.997 RX DL|BUS01|57|+5MIN|67
2026-02-24 14:25:01.991 RX HB|BUS01|58|OK|3A
2026-02-24 14:25:06.992 RX HB|BUS01|59|OK|3B
2026-02-24 14:25:06.995 RX ARR|BUS01|60|ROUTE=25B,STOP=STOP12,ETA=3|3F
2026-02-24 14:25:11.991 RX HB|BUS01|61|OK|30
2026-02-24 14:25:16.992 RX HB|BUS01|62|OK|33
2026-02-24 14:25:16.995 RX ARR|BUS01|63|ROUTE=25B,STOP=STOP12,ETA=3|3C
2026-02-24 14:25:21.991 RX HB|BUS01|64|OK|35
2026-02-24 14:25:26.992 RX HB|BUS01|65|OK|34
2026-02-24 14:25:26.995 RX ARR|BUS01|66|ROUTE=25B,STOP=STOP12,ETA=3|39
2026-02-24 14:25:26.997 RX DL|BUS01|67|+5MIN|64
2026-02-24 14:25:31.991 RX HB|BUS01|68|OK|39
2026-02-24 14:25:36.992 RX HB|BUS01|69|OK|38
2026-02-24 14:25:36.995 RX ARR|BUS01|70|ROUTE=25B,STOP=STOP12,ETA=3|3E
2026-02-24 14:25:41.991 RX HB|BUS01|71|OK|31
2026-02-24 14:25:46.992 RX HB|BUS01|72|OK|32
2026-02-24 14:25:46.995 RX ARR|BUS01|73|ROUTE=25B,STOP=STOP12,ETA=3|3D
2026-02-24 14:25:51.991 RX HB|BUS01|74|OK|34
2026-02-24 14:25:56.996 RX HB|BUS01|75|OK|35
2026-02-24 14:25:56.996 RX ARR|BUS01|76|ROUTE=25B,STOP=STOP12,ETA=3|38
2026-02-24 14:25:56.997 RX DL|BUS01|77|+5MIN|65
2026-02-24 14:26:01.991 RX HB|BUS01|78|OK|38
2026-02-24 14:26:06.992 RX HB|BUS01|79|OK|39
2026-02-24 14:26:06.995 RX ARR|BUS01|80|ROUTE=25B,STOP=STOP12,ETA=3|31
2026-02-24 14:26:11.991 RX HB|BUS01|81|OK|3E
2026-02-24 14:26:16.992 RX HB|BUS01|82|OK|3D
2026-02-24 14:26:16.995 RX ARR|BUS01|83|ROUTE=25B,STOP=STOP12,ETA=3|32
2026-02-24 14:26:21.991 RX HB|BUS01|84|OK|3B
2026-02-24 14:26:26.992 RX HB|BUS01|85|OK|3A
2026-02-24 14:26:26.995 RX ARR|BUS01|86|ROUTE=25B,STOP=STOP12,ETA=3|37
2026-02-24 14:26:26.997 RX DL|BUS01|87|+5MIN|6A
2026-02-24 14:26:31.991 RX HB|BUS01|88|OK|37
2026-02-24 14:26:36.992 RX HB|BUS01|89|OK|36
2026-02-24 14:26:36.995 RX ARR|BUS01|90|ROUTE=25B,STOP=STOP12,ETA=3|30
2026-02-24 14:26:41.991 RX HB|BUS01|91|OK|3F
2026-02-24 14:26:46.992 RX HB|BUS01|92|OK|3C
2026-02-24 14:26:46.995 RX ARR|BUS01|93|ROUTE=25B,STOP=STOP12,ETA=3|33
2026-02-24 14:26:51.991 RX HB|BUS01|94|OK|3A
2026-02-24 14:26:56.992 RX HB|BUS01|95|OK|3B
2026-02-24 14:26:56.995 RX ARR|BUS01|96|ROUTE=25B,STOP=STOP12,ETA=3|36
2026-02-24 14:26:56.997 RX DL|BUS01|97|+5MIN|6B
2026-02-24 14:27:01.991 RX HB|BUS01|98|OK|36
2026-02-24 14:27:06.992 RX HB|BUS01|99|OK|37
2026-02-24 14:27:06.995 RX ARR|BUS01|100|ROUTE=25B,STOP=STOP12,ETA=3|08
2026-02-24 14:27:11.991 RX HB|BUS01|101|OK|07
2026-02-24 14:27:16.992 RX HB|BUS01|102|OK|04
2026-02-24 14:27:16.995 RX ARR|BUS01|103|ROUTE=25B,STOP=STOP12,ETA=3|0B
2026-02-24 14:27:21.991 RX HB|BUS01|104|OK|02
2026-02-24 14:27:26.992 RX HB|BUS01|105|OK|03
2026-02-24 14:27:26.996 RX ARR|BUS01|106|ROUTE=25B,STOP=STOP12,ETA=3|0E
2026-02-24 14:27:26.997 RX DL|BUS01|107|+5MIN|53
2026-02-24 14:27:31.991 RX HB|BUS01|108|OK|0E
2026-02-24 14:27:36.992 RX HB|BUS01|109|OK|0F
2026-02-24 14:27:36.995 RX ARR|BUS01|110|ROUTE=25B,STOP=STOP12,ETA=3|09
2026-02-24 14:27:41.991 RX HB|BUS01|111|OK|06
2026-02-24 14:27:46.992 RX HB|BUS01|112|OK|05
2026-02-24 14:27:46.995 RX ARR|BUS01|113|ROUTE=25B,STOP=STOP12,ETA=3|0A
2026-02-24 14:27:51.991 RX HB|BUS01|114|OK|03
2026-02-24 14:27:56.992 RX HB|BUS01|115|OK|02
2026-02-24 14:27:56.996 RX ARR|BUS01|116|ROUTE=25B,STOP=STOP12,ETA=3|0F
2026-02-24 14:27:56.997 RX DL|BUS01|117|+5MIN|52
2026-02-24 14:28:01.991 RX HB|BUS01|118|OK|0F
2026-02-24 14:28:06.992 RX HB|BUS01|119|OK|0E
2026-02-24 14:28:06.995 RX ARR|BUS01|120|ROUTE=25B,STOP=STOP12,ETA=3|0A
2026-02-24 14:28:11.991 RX HB|BUS01|121|OK|05
2026-02-24 14:28:16.992 RX HB|BUS01|122|OK|06
2026-02-24 14:28:16.995 RX ARR|BUS01|123|ROUTE=25B,STOP=STOP12,ETA=3|09
2026-02-24 14:28:21.991 RX HB|BUS01|124|OK|00
2026-02-24 14:28:26.992 RX HB|BUS01|125|OK|01
2026-02-24 14:28:26.996 RX ARR|BUS01|126|ROUTE=25B,STOP=STOP12,ETA=3|0C
2026-02-24 14:28:26.997 RX DL|BUS01|127|+5MIN|51
2026-02-24 14:28:31.991 RX HB|BUS01|128|OK|0C
